# JRE version: Java(TM) SE Runtime Environment (8.0_221-b11) (build 1.8.0_221-b11)
# Java VM: Java HotSpot(TM) 64-Bit Server VM (25.221-b11 mixed mode windows-amd64 compressed oops)
Heap:
 PSYoungGen      total 107520K, used 64894K [0x00000000d5f00000, 0x00000000def80000, 0x0000000100000000)
  eden space 101376K, 58% used [0x00000000d5f00000,0x00000000d9883ae0,0x00000000dc200000)
  from space 6144K, 97% used [0x00000000de980000,0x00000000def5bd28,0x00000000def80000)
  to   space 8704K, 0% used [0x00000000dde80000,0x00000000dde80000,0x00000000de700000)
 ParOldGen       total 59904K, used 7284K [0x0000000081c00000, 0x0000000085680000, 0x00000000d5f00000)
  object space 59904K, 12% used [0x0000000081c00000,0x000000008231d310,0x0000000085680000)
 Metaspace       used 27510K, capacity 27844K, committed 28160K, reserved 1073152K
  class space    used 3460K, capacity 3553K, committed 3584K, reserved 1048576K
GC Heap History (10 events):
Event: 0.886 GC heap before
{Heap before GC invocations=3 (full 0):
 PSYoungGen      total 38400K, used 38391K [0x00000000d5f00000, 0x00000000daa00000, 0x0000000100000000)
  eden space 33280K, 100% used [0x00000000d5f00000,0x00000000d7f80000,0x00000000d7f80000)
  from space 5120K, 99% used [0x00000000d8480000,0x00000000d897dfd0,0x00000000d8980000)
  to   space 5120K, 0% used [0x00000000d7f80000,0x00000000d7f80000,0x00000000d8480000)
 ParOldGen       total 87552K, used 1437K [0x0000000081c00000, 0x0000000087180000, 0x00000000d5f00000)
  object space 87552K, 1% used [0x0000000081c00000,0x0000000081d677d8,0x0000000087180000)
 Metaspace       used 16357K, capacity 16568K, committed 16768K, reserved 1064960K
  class space    used 2012K, capacity 2062K, committed 2176K, reserved 1048576K
Event: 0.891 GC heap after
Heap after GC invocations=3 (full 0):
 PSYoungGen      total 38400K, used 5119K [0x00000000d5f00000, 0x00000000daa00000, 0x0000000100000000)
  eden space 33280K, 0% used [0x00000000d5f00000,0x00000000d5f00000,0x00000000d7f80000)
  from space 5120K, 99% used [0x00000000d7f80000,0x00000000d847fe68,0x00000000d8480000)
  to   space 5120K, 0% used [0x00000000da500000,0x00000000da500000,0x00000000daa00000)
 ParOldGen       total 87552K, used 2737K [0x0000000081c00000, 0x0000000087180000, 0x00000000d5f00000)
  object space 87552K, 3% used [0x0000000081c00000,0x0000000081eac428,0x0000000087180000)
 Metaspace       used 16357K, capacity 16568K, committed 16768K, reserved 1064960K
  class space    used 2012K, capacity 2062K, committed 2176K, reserved 1048576K
}
Event: 1.122 GC heap before
{Heap before GC invocations=4 (full 0):
 PSYoungGen      total 38400K, used 38399K [0x00000000d5f00000, 0x00000000daa00000, 0x0000000100000000)
  eden space 33280K, 100% used [0x00000000d5f00000,0x00000000d7f80000,0x00000000d7f80000)
  from space 5120K, 99% used [0x00000000d7f80000,0x00000000d847fe68,0x00000000d8480000)
  to   space 5120K, 0% used [0x00000000da500000,0x00000000da500000,0x00000000daa00000)
 ParOldGen       total 87552K, used 2737K [0x0000000081c00000, 0x0000000087180000, 0x00000000d5f00000)
  object space 87552K, 3% used [0x0000000081c00000,0x0000000081eac428,0x0000000087180000)
 Metaspace       used 19900K, capacity 20148K, committed 20352K, reserved 1067008K
  class space    used 2465K, capacity 2569K, committed 2688K, reserved 1048576K
Event: 1.130 GC heap after
Heap after GC invocations=4 (full 0):
 PSYoungGen      total 71680K, used 5091K [0x00000000d5f00000, 0x00000000daa00000, 0x0000000100000000)
  eden space 66560K, 0% used [0x00000000d5f00000,0x00000000d5f00000,0x00000000da000000)
  from space 5120K, 99% used [0x00000000da500000,0x00000000da9f8dd8,0x00000000daa00000)
  to   space 5120K, 0% used [0x00000000da000000,0x00000000da000000,0x00000000da500000)
 ParOldGen       total 87552K, used 5922K [0x0000000081c00000, 0x0000000087180000, 0x00000000d5f00000)
  object space 87552K, 6% used [0x0000000081c00000,0x00000000821c88e0,0x0000000087180000)
 Metaspace       used 19900K, capacity 20148K, committed 20352K, reserved 1067008K
  class space    used 2465K, capacity 2569K, committed 2688K, reserved 1048576K
}
Event: 1.229 GC heap before
{Heap before GC invocations=5 (full 0):
 PSYoungGen      total 71680K, used 17894K [0x00000000d5f00000, 0x00000000daa00000, 0x0000000100000000)
  eden space 66560K, 19% used [0x00000000d5f00000,0x00000000d6b80bc8,0x00000000da000000)
  from space 5120K, 99% used [0x00000000da500000,0x00000000da9f8dd8,0x00000000daa00000)
  to   space 5120K, 0% used [0x00000000da000000,0x00000000da000000,0x00000000da500000)
 ParOldGen       total 87552K, used 5922K [0x0000000081c00000, 0x0000000087180000, 0x00000000d5f00000)
  object space 87552K, 6% used [0x0000000081c00000,0x00000000821c88e0,0x0000000087180000)
 Metaspace       used 20814K, capacity 21098K, committed 21248K, reserved 1067008K
  class space    used 2609K, capacity 2706K, committed 2816K, reserved 1048576K
Event: 1.233 GC heap after
Heap after GC invocations=5 (full 0):
 PSYoungGen      total 71680K, used 5091K [0x00000000d5f00000, 0x00000000df200000, 0x0000000100000000)
  eden space 66560K, 0% used [0x00000000d5f00000,0x00000000d5f00000,0x00000000da000000)
  from space 5120K, 99% used [0x00000000da000000,0x00000000da4f8dd8,0x00000000da500000)
  to   space 8704K, 0% used [0x00000000de980000,0x00000000de980000,0x00000000df200000)
 ParOldGen       total 87552K, used 7277K [0x0000000081c00000, 0x0000000087180000, 0x00000000d5f00000)
  object space 87552K, 8% used [0x0000000081c00000,0x000000008231b5f0,0x0000000087180000)
 Metaspace       used 20814K, capacity 21098K, committed 21248K, reserved 1067008K
  class space    used 2609K, capacity 2706K, committed 2816K, reserved 1048576K
}
Event: 1.234 GC heap before
{Heap before GC invocations=6 (full 1):
 PSYoungGen      total 71680K, used 5091K [0x00000000d5f00000, 0x00000000df200000, 0x0000000100000000)
  eden space 66560K, 0% used [0x00000000d5f00000,0x00000000d5f00000,0x00000000da000000)
  from space 5120K, 99% used [0x00000000da000000,0x00000000da4f8dd8,0x00000000da500000)
  to   space 8704K, 0% used [0x00000000de980000,0x00000000de980000,0x00000000df200000)
 ParOldGen       total 87552K, used 7277K [0x0000000081c00000, 0x0000000087180000, 0x00000000d5f00000)
  object space 87552K, 8% used [0x0000000081c00000,0x000000008231b5f0,0x0000000087180000)
 Metaspace       used 20814K, capacity 21098K, committed 21248K, reserved 1067008K
  class space    used 2609K, capacity 2706K, committed 2816K, reserved 1048576K
Event: 1.263 GC heap after
Heap after GC invocations=6 (full 1):
 PSYoungGen      total 71680K, used 0K [0x00000000d5f00000, 0x00000000df200000, 0x0000000100000000)
  eden space 66560K, 0% used [0x00000000d5f00000,0x00000000d5f00000,0x00000000da000000)
  from space 5120K, 0% used [0x00000000da000000,0x00000000da000000,0x00000000da500000)
  to   space 8704K, 0% used [0x00000000de980000,0x00000000de980000,0x00000000df200000)
 ParOldGen       total 59904K, used 7276K [0x0000000081c00000, 0x0000000085680000, 0x00000000d5f00000)
  object space 59904K, 12% used [0x0000000081c00000,0x000000008231b310,0x0000000085680000)
 Metaspace       used 20814K, capacity 21098K, committed 21248K, reserved 1067008K
  class space    used 2609K, capacity 2706K, committed 2816K, reserved 1048576K
}
Event: 1.816 GC heap before
{Heap before GC invocations=7 (full 1):
 PSYoungGen      total 71680K, used 66560K [0x00000000d5f00000, 0x00000000df200000, 0x0000000100000000)
  eden space 66560K, 100% used [0x00000000d5f00000,0x00000000da000000,0x00000000da000000)
  from space 5120K, 0% used [0x00000000da000000,0x00000000da000000,0x00000000da500000)
  to   space 8704K, 0% used [0x00000000de980000,0x00000000de980000,0x00000000df200000)
 ParOldGen       total 59904K, used 7276K [0x0000000081c00000, 0x0000000085680000, 0x00000000d5f00000)
  object space 59904K, 12% used [0x0000000081c00000,0x000000008231b310,0x0000000085680000)
 Metaspace       used 25027K, capacity 25380K, committed 25600K, reserved 1071104K
  class space    used 3153K, capacity 3265K, committed 3328K, reserved 1048576K
Event: 1.829 GC heap after
Heap after GC invocations=7 (full 1):
 PSYoungGen      total 107520K, used 5999K [0x00000000d5f00000, 0x00000000def80000, 0x0000000100000000)
  eden space 101376K, 0% used [0x00000000d5f00000,0x00000000d5f00000,0x00000000dc200000)
  from space 6144K, 97% used [0x00000000de980000,0x00000000def5bd28,0x00000000def80000)
  to   space 8704K, 0% used [0x00000000dde80000,0x00000000dde80000,0x00000000de700000)
 ParOldGen       total 59904K, used 7284K [0x0000000081c00000, 0x0000000085680000, 0x00000000d5f00000)
  object space 59904K, 12% used [0x0000000081c00000,0x000000008231d310,0x0000000085680000)
 Metaspace       used 25027K, capacity 25380K, committed 25600K, reserved 1071104K
  class space    used 3153K, capacity 3265K, committed 3328K, reserved 1048576K
}

